07:20:45.152 DB size: 2383 KB
07:20:47.361 {
  "appVersion": "0.63.5",
  "dbVersion": 228,
  "nodeVersion": "v18.15.0",
  "syncVersion": 32,
  "buildDate": "2024-03-28T07:11:39+01:00",
  "buildRevision": "399458b52f250b22be22d980a78de0b3390d7521",
  "dataDirectory": "C:\\Users\\Dreamer\\AppData\\Roaming\\trilium-data",
  "clipperProtocolVersion": "1.0",
  "utcDateTime": "2025-05-07T11:20:45.103Z"
}
07:20:47.362 CPU model: Intel(R) Core(TM) i7-10700 CPU @ 2.90GHz, logical cores: 16 freq: 2904 Mhz
07:20:47.362 Trusted reverse proxy: false
07:20:47.362 App HTTP server starting up at port 37840
07:20:47.392 Listening on port 37840
07:20:47.594 Becca (note cache) load took 202ms
07:20:50.477 Registered global shortcut Ctrl+Alt+P for action createNoteIntoInbox
07:20:51.210 Generated CSRF token Cfzhqg5y-GPm5A7asJ4C3p1M2We1FoFWIiNY with secret _csrf=2fJ5TKJv2WEXq20XdzX8RjOT; Path=/
07:20:51.275 Slow query took 65ms: SELECT COALESCE(MAX(id), 0) FROM entity_changes
07:20:51.707 Slow query took 97ms: SELECT COUNT(1) FROM notes
07:20:51.808 Slow query took 100ms: SELECT COUNT(1) FROM branches
07:20:51.841 Slow query took 33ms: SELECT COUNT(1) FROM attributes
07:20:51.841 Table counts: notes: 295, revisions: 41, attachments: 19, branches: 309, attributes: 366, etapi_tokens: 0, blobs: 201
07:20:51.981 Slow query took 139ms: SELECT noteId as entityId FROM notes LEFT JOIN entity_changes ec ON ec.entityName = 'notes' AND ec.entityId = notes.noteId WHERE ec.id IS NULL
07:20:52.458 Slow query took 477ms: SELECT id, entityId FROM entity_changes LEFT JOIN notes ON entityId = notes.noteId WHERE entity_changes.isErased = 0 AND entity_changes.entityName = 'notes' AND notes.noteId IS NULL
07:20:52.775 Slow query took 315ms: SELECT branchId as entityId FROM branches LEFT JOIN entity_changes ec ON ec.entityName = 'branches' AND ec.entityId = branches.branchId WHERE ec.id IS NULL
07:20:53.019 Slow query took 243ms: SELECT attributeId as entityId FROM attributes LEFT JOIN entity_changes ec ON ec.entityName = 'attributes' AND ec.entityId = attributes.attributeId WHERE ec.id IS NULL
07:20:53.073 Slow query took 54ms: SELECT id, entityId FROM entity_changes LEFT JOIN attributes ON entityId = attributes.attributeId WHERE entity_changes.isErased = 0 AND entity_changes.entityName = 'attributes' AND attributes.attributeId IS NULL
07:20:53.111 Slow query took 32ms: SELECT branchId, noteId FROM branches JOIN notes USING (noteId) WHERE notes.isDeleted = 1 AND branches.isDeleted = 0
07:20:53.692 Slow query took 579ms: SELECT notes.noteId, notes.type, notes.mime FROM notes JOIN blobs USING (blobId) WHERE isDeleted = 0 AND isProtected = 0 AND content IS NULL
07:20:53.749 Slow query took 57ms: SELECT revisions.revisionId, blobs.blobId FROM revisions LEFT JOIN blobs USING (blobId) WHERE blobs.blobId IS NULL
07:20:53.782 Slow query took 32ms: SELECT DISTINCT name FROM attributes
07:20:53.784 All consistency checks passed with no errors detected (took 2173ms)
07:20:56.492 200 GET /api/options with 6867 bytes took 1ms
07:20:56.493 200 GET /api/tree with 16208 bytes took 1ms
07:20:56.495 200 GET /api/keyboard-actions with 14263 bytes took 1ms
07:20:56.496 200 GET /api/script/widgets with 2687 bytes took 1ms
07:20:56.548 200 POST /api/tree/load with 5908 bytes took 0ms
07:20:56.670 200 GET /api/keyboard-shortcuts-for-notes with 2 bytes took 1ms
07:20:56.691 200 POST /api/tree/load with 7201 bytes took 1ms
07:20:56.691 200 POST /api/tree/load with 3048 bytes took 0ms
07:20:56.858 200 POST /api/tree/load with 20143 bytes took 1ms
07:20:58.044 200 GET /api/note-map/ncenxbDEDufV/backlink-count with 11 bytes took 0ms
07:20:58.065 Slow query took 20ms: SELECT *, LENGTH(content) AS contentLength FROM blobs WHERE blobId = ?
07:20:58.065 Slow 200 GET /api/notes/ncenxbDEDufV/blob with 158 bytes took 20ms
07:20:58.764 200 GET /api/script/startup with 2 bytes took 0ms
07:21:02.775 Slow query took 95ms: INSERT INTO recent_notes (noteId, notePath, utcDateCreated) VALUES (@noteId, @notePath, @utcDateCreated) ON CONFLICT (noteId) DO UPDATE SET noteId = @noteId, notePath = @notePath, utcDateCreated = @utcDateCreated
07:25:47.456 Slow query took 37ms: INSERT OR REPLACE INTO entity_changes ( entityName, entityId, hash, isErased, utcDateChanged, isSynced, changeId, componentId, instanceId ) VALUES (?, ?, ?, ?, ?, ?, ?, ?, ?)
07:25:47.607 Erased branches: ["WUqnyB2EGh5o_py2qcEfObR8w"]
07:25:47.616 Erased notes: ["py2qcEfObR8w"]
07:25:48.088 Created backup at C:\Users\Dreamer\AppData\Roaming\trilium-data\backup/backup-daily.db
10:59:48.574 DB size: 2383 KB
10:59:51.149 {
  "appVersion": "0.63.5",
  "dbVersion": 228,
  "nodeVersion": "v18.15.0",
  "syncVersion": 32,
  "buildDate": "2024-03-28T07:11:39+01:00",
  "buildRevision": "399458b52f250b22be22d980a78de0b3390d7521",
  "dataDirectory": "C:\\Users\\Dreamer\\AppData\\Roaming\\trilium-data",
  "clipperProtocolVersion": "1.0",
  "utcDateTime": "2025-05-07T14:59:48.466Z"
}
10:59:51.150 CPU model: Intel(R) Core(TM) i7-10700 CPU @ 2.90GHz, logical cores: 16 freq: 2904 Mhz
10:59:51.150 Trusted reverse proxy: false
10:59:51.150 App HTTP server starting up at port 37840
10:59:51.188 Listening on port 37840
10:59:51.357 Becca (note cache) load took 168ms
10:59:57.973 Registered global shortcut Ctrl+Alt+P for action createNoteIntoInbox
10:59:58.145 Slow query took 72ms: SELECT COUNT(1) FROM notes
10:59:58.220 Slow query took 66ms: SELECT COUNT(1) FROM attributes
10:59:58.231 Table counts: notes: 294, revisions: 41, attachments: 19, branches: 308, attributes: 366, etapi_tokens: 0, blobs: 201
10:59:58.393 Slow query took 162ms: SELECT noteId as entityId FROM notes LEFT JOIN entity_changes ec ON ec.entityName = 'notes' AND ec.entityId = notes.noteId WHERE ec.id IS NULL
10:59:58.768 Slow query took 375ms: SELECT id, entityId FROM entity_changes LEFT JOIN notes ON entityId = notes.noteId WHERE entity_changes.isErased = 0 AND entity_changes.entityName = 'notes' AND notes.noteId IS NULL
10:59:58.827 Slow query took 49ms: SELECT branchId as entityId FROM branches LEFT JOIN entity_changes ec ON ec.entityName = 'branches' AND ec.entityId = branches.branchId WHERE ec.id IS NULL
10:59:58.949 Slow query took 109ms: SELECT id, entityId FROM entity_changes LEFT JOIN attributes ON entityId = attributes.attributeId WHERE entity_changes.isErased = 0 AND entity_changes.entityName = 'attributes' AND attributes.attributeId IS NULL
10:59:59.015 Slow query took 66ms: SELECT name as entityId FROM options LEFT JOIN entity_changes ec ON ec.entityName = 'options' AND ec.entityId = options.name WHERE ec.id IS NULL
10:59:59.064 Slow query took 37ms: SELECT DISTINCT notes.noteId FROM notes LEFT JOIN branches ON notes.noteId = branches.noteId AND branches.isDeleted = 0 WHERE notes.isDeleted = 0 AND branches.branchId IS NULL
10:59:59.980 Slow query took 914ms: SELECT notes.noteId, notes.type, notes.mime FROM notes JOIN blobs USING (blobId) WHERE isDeleted = 0 AND isProtected = 0 AND content IS NULL
11:00:00.029 Slow query took 49ms: SELECT revisions.revisionId, blobs.blobId FROM revisions LEFT JOIN blobs USING (blobId) WHERE blobs.blobId IS NULL
11:00:00.103 Slow query took 74ms: SELECT DISTINCT name FROM attributes
11:00:00.105 All consistency checks passed with no errors detected (took 2031ms)
11:00:02.015 Generated CSRF token X4pjmAQq-0INzNIlsNbaTlFNv0Kji-HViUts with secret _csrf=WSiHP6ueHSTu3YgOmyMqVMsU; Path=/
11:00:05.190 Slow 200 GET /api/options with 6867 bytes took 32ms
11:00:05.191 200 GET /api/tree with 16208 bytes took 1ms
11:00:05.193 200 GET /api/keyboard-actions with 14263 bytes took 0ms
11:00:05.195 200 GET /api/script/widgets with 2687 bytes took 1ms
11:00:05.386 200 POST /api/tree/load with 5908 bytes took 0ms
11:00:05.775 200 GET /api/keyboard-shortcuts-for-notes with 2 bytes took 1ms
11:00:05.880 200 POST /api/tree/load with 7201 bytes took 1ms
11:00:05.880 200 POST /api/tree/load with 3048 bytes took 0ms
11:00:06.463 200 POST /api/tree/load with 20143 bytes took 1ms
11:00:08.339 200 GET /api/note-map/ncenxbDEDufV/backlink-count with 11 bytes took 0ms
11:00:08.353 Slow 200 GET /api/notes/ncenxbDEDufV/blob with 158 bytes took 13ms
11:00:08.439 200 GET /api/script/startup with 2 bytes took 1ms
11:00:12.536 Slow 204 PUT /api/branches/root_PlfyCkEEJala/expanded/0 with 0 bytes took 62ms
11:00:12.665 Slow query took 31ms: INSERT INTO recent_notes (noteId, notePath, utcDateCreated) VALUES (@noteId, @notePath, @utcDateCreated) ON CONFLICT (noteId) DO UPDATE SET noteId = @noteId, notePath = @notePath, utcDateCreated = @utcDateCreated
11:00:16.013 Created new note 'wOO3qu9gBVT6', branch 'root_wOO3qu9gBVT6' of type 'text', mime 'text/html'
11:00:16.027 Slow 200 POST /api/notes/root/children?target=into&targetBranchId= with 539 bytes took 80ms
11:00:16.035 200 POST /api/tree/load with 2484 bytes took 0ms
11:00:16.040 204 PUT /api/branches/root_PlfyCkEEJala/expanded/1 with 0 bytes took 1ms
11:00:16.061 200 GET /api/notes/wOO3qu9gBVT6/blob with 155 bytes took 0ms
11:00:16.062 200 GET /api/note-map/wOO3qu9gBVT6/backlink-count with 11 bytes took 1ms
11:00:16.066 204 PUT /api/options with 0 bytes took 2ms
11:00:17.491 200 GET /api/notes/wOO3qu9gBVT6/blob with 155 bytes took 1ms
11:00:19.759 200 PUT /api/notes/wOO3qu9gBVT6/title with 326 bytes took 1ms
11:00:19.768 200 GET /api/notes/wOO3qu9gBVT6/blob with 155 bytes took 0ms
11:00:20.751 200 PUT /api/notes/wOO3qu9gBVT6/title with 319 bytes took 1ms
11:00:21.755 200 PUT /api/notes/wOO3qu9gBVT6/title with 322 bytes took 0ms
11:00:21.758 200 GET /api/notes/wOO3qu9gBVT6/blob with 155 bytes took 1ms
11:00:23.611 Slow query took 23ms: INSERT INTO notes (noteId, title, isProtected, type, mime, blobId, isDeleted, dateCreated, dateModified, utcDateCreated, utcDateModified) VALUES (@noteId, @title, @isProtected, @type, @mime, @blobId, @isDeleted, @dateCreated, @dateModified, @utcDateCreated, @utcDateModified) ON CONFLICT (noteId) DO UPDATE SET noteId = @noteId, title = @title, isProtected = @isProtected, type = @type, mime = @mime, blobId = @blobId, isDeleted = @isDeleted, dateCreated = @dateCreated, dateModified = @dateModified, utcDateCreated = @utcDateCreated, utcDateModified = @utcDateModified
11:00:23.613 Created new note 'g804tSMr2vL3', branch 'wOO3qu9gBVT6_g804tSMr2vL3' of type 'text', mime 'text/html'
11:00:23.613 Slow 200 POST /api/notes/wOO3qu9gBVT6/children?target=into&targetBranchId= with 554 bytes took 26ms
11:00:23.616 200 POST /api/tree/load with 2754 bytes took 0ms
11:00:23.627 200 GET /api/notes/g804tSMr2vL3/blob with 155 bytes took 0ms
11:00:23.627 200 GET /api/note-map/g804tSMr2vL3/backlink-count with 11 bytes took 0ms
11:00:23.628 204 PUT /api/branches/root_wOO3qu9gBVT6/expanded/1 with 0 bytes took 0ms
11:00:23.629 204 PUT /api/options with 0 bytes took 0ms
11:00:25.815 200 PUT /api/notes/g804tSMr2vL3/title with 320 bytes took 1ms
11:00:25.819 200 GET /api/notes/g804tSMr2vL3/blob with 155 bytes took 0ms
11:00:26.819 200 PUT /api/notes/g804tSMr2vL3/title with 322 bytes took 1ms
11:00:27.274 200 GET /api/notes/g804tSMr2vL3/blob with 155 bytes took 0ms
11:00:28.668 204 PUT /api/notes/g804tSMr2vL3/data with 0 bytes took 2ms
11:00:28.683 200 GET /api/notes/g804tSMr2vL3/blob with 2729 bytes took 0ms
11:00:31.059 200 GET /api/notes/wOO3qu9gBVT6/blob with 155 bytes took 1ms
11:00:31.059 200 GET /api/note-map/wOO3qu9gBVT6/backlink-count with 11 bytes took 0ms
11:00:31.081 204 PUT /api/options with 0 bytes took 1ms
11:00:31.103 200 GET /api/notes/g804tSMr2vL3/blob with 2729 bytes took 0ms
11:10:31.133 204 PUT /api/branches/PlfyCkEEJala_7uobh7L0xRn8/expanded/0 with 0 bytes took 1ms
11:10:32.102 204 PUT /api/branches/root_PlfyCkEEJala/expanded/0 with 0 bytes took 0ms
11:24:21.489 200 GET /api/notes/R451N7xatRy3/blob with 155 bytes took 0ms
11:24:21.490 200 GET /api/note-map/R451N7xatRy3/backlink-count with 11 bytes took 0ms
11:24:21.492 204 PUT /api/options with 0 bytes took 1ms
11:24:21.618 200 POST /api/tree/load with 3601 bytes took 0ms
11:24:21.622 200 GET /api/notes/bRwfBCGs2Vra/blob with 2348 bytes took 1ms
11:24:21.625 200 GET /api/notes/WUqnyB2EGh5o/blob with 258 bytes took 0ms
11:24:21.652 200 GET /api/notes/PjPqy9uquDcq/blob with 921 bytes took 0ms
11:24:21.772 200 GET /api/notes/QCcfGSDu8cmr/blob with 656 bytes took 0ms
11:24:25.888 200 GET /api/note-map/9iDZ7KfxdAmG/backlink-count with 11 bytes took 0ms
11:24:25.888 200 GET /api/notes/9iDZ7KfxdAmG/blob with 156 bytes took 0ms
11:24:25.891 204 PUT /api/options with 0 bytes took 1ms
11:24:26.034 200 POST /api/tree/load with 3903 bytes took 1ms
11:24:29.902 Sending message to all clients: {"type":"protectedSessionLogin"}
11:24:29.902 Slow 200 POST /api/login/protected with 16 bytes took 191ms
11:24:29.903 200 GET /api/tree with 13586 bytes took 0ms
11:24:29.904 204 POST /api/login/protected/touch with 0 bytes took 0ms
11:24:29.905 200 POST /api/tree/load with 35927 bytes took 1ms
11:24:29.918 200 GET /api/notes/jAKqT69ZxTfw/blob with 1376 bytes took 1ms
11:24:29.918 200 GET /api/note-map/jAKqT69ZxTfw/backlink-count with 11 bytes took 0ms
11:24:29.919 200 GET /api/notes/9iDZ7KfxdAmG/blob with 156 bytes took 1ms
11:24:29.919 200 GET /api/note-map/9iDZ7KfxdAmG/backlink-count with 11 bytes took 0ms
11:24:30.243 204 POST /api/login/protected/touch with 0 bytes took 0ms
11:24:30.244 200 GET /api/notes/Qbgr2FOZRBHT/blob with 218 bytes took 0ms
11:24:30.246 204 POST /api/login/protected/touch with 0 bytes took 0ms
11:24:30.254 200 GET /api/notes/jQtcdrlQEWjD/blob with 191 bytes took 8ms
11:24:30.257 204 POST /api/login/protected/touch with 0 bytes took 0ms
11:24:30.258 200 GET /api/notes/wuWWW698bAlz/blob with 190 bytes took 0ms
11:24:32.360 204 POST /api/login/protected/touch with 0 bytes took 0ms
11:24:32.361 200 GET /api/notes/Qbgr2FOZRBHT/blob with 218 bytes took 1ms
11:24:32.361 200 GET /api/note-map/Qbgr2FOZRBHT/backlink-count with 11 bytes took 0ms
11:24:32.378 200 GET /api/tree?subTreeNoteId=9iDZ7KfxdAmG with 3886 bytes took 1ms
11:24:32.385 204 PUT /api/options with 0 bytes took 1ms
11:24:32.429 204 PUT /api/branches/root_9iDZ7KfxdAmG/expanded/1 with 0 bytes took 0ms
11:24:32.520 200 POST /api/tree/load with 4323 bytes took 0ms
11:24:32.522 204 POST /api/login/protected/touch with 0 bytes took 0ms
11:24:32.522 200 GET /api/notes/Se7jolEtqf8g/blob with 543 bytes took 0ms
11:24:32.525 204 POST /api/login/protected/touch with 0 bytes took 0ms
11:24:32.526 200 GET /api/notes/385GY3FiqpYy/blob with 537 bytes took 1ms
11:24:32.545 204 POST /api/login/protected/touch with 0 bytes took 0ms
11:24:32.564 Slow 200 GET /api/notes/VLUxfS3hcaC5/blob with 1767 bytes took 19ms
11:24:33.871 204 POST /api/login/protected/touch with 0 bytes took 1ms
11:24:33.871 200 GET /api/notes/385GY3FiqpYy/blob with 537 bytes took 0ms
11:24:33.872 200 GET /api/note-map/385GY3FiqpYy/backlink-count with 11 bytes took 0ms
11:24:33.873 200 GET /api/tree?subTreeNoteId=Qbgr2FOZRBHT with 4323 bytes took 0ms
11:24:33.876 204 PUT /api/options with 0 bytes took 1ms
11:24:33.898 204 PUT /api/branches/9iDZ7KfxdAmG_Qbgr2FOZRBHT/expanded/1 with 0 bytes took 1ms
11:24:38.492 204 POST /api/login/protected/touch with 0 bytes took 1ms
11:24:38.509 Slow 204 PUT /api/notes/385GY3FiqpYy/data with 0 bytes took 17ms
11:24:38.513 200 GET /api/notes/385GY3FiqpYy/blob with 156 bytes took 1ms
11:24:40.422 204 POST /api/login/protected/touch with 0 bytes took 0ms
11:24:40.425 204 PUT /api/notes/385GY3FiqpYy/data with 0 bytes took 2ms
11:24:40.427 200 GET /api/notes/385GY3FiqpYy/blob with 164 bytes took 0ms
11:24:41.424 204 POST /api/login/protected/touch with 0 bytes took 0ms
11:24:41.425 204 PUT /api/notes/385GY3FiqpYy/data with 0 bytes took 1ms
11:24:41.428 200 GET /api/notes/385GY3FiqpYy/blob with 156 bytes took 0ms
11:26:13.715 204 POST /api/login/protected/touch with 0 bytes took 1ms
11:26:13.715 204 PUT /api/notes/385GY3FiqpYy/data with 0 bytes took 0ms
11:26:14.721 204 POST /api/login/protected/touch with 0 bytes took 0ms
11:26:14.723 204 PUT /api/notes/385GY3FiqpYy/data with 0 bytes took 2ms
11:26:14.727 200 GET /api/notes/385GY3FiqpYy/blob with 344 bytes took 1ms
11:26:15.723 204 POST /api/login/protected/touch with 0 bytes took 0ms
11:26:15.725 204 PUT /api/notes/385GY3FiqpYy/data with 0 bytes took 2ms
11:26:15.728 200 GET /api/notes/385GY3FiqpYy/blob with 338 bytes took 1ms
11:26:16.730 204 POST /api/login/protected/touch with 0 bytes took 0ms
11:26:16.732 204 PUT /api/notes/385GY3FiqpYy/data with 0 bytes took 1ms
11:26:16.735 200 GET /api/notes/385GY3FiqpYy/blob with 341 bytes took 0ms
11:26:17.736 204 POST /api/login/protected/touch with 0 bytes took 0ms
11:26:17.738 204 PUT /api/notes/385GY3FiqpYy/data with 0 bytes took 2ms
11:26:17.747 200 GET /api/notes/385GY3FiqpYy/blob with 352 bytes took 1ms
11:26:18.743 204 POST /api/login/protected/touch with 0 bytes took 0ms
11:26:18.745 204 PUT /api/notes/385GY3FiqpYy/data with 0 bytes took 2ms
11:26:18.748 200 GET /api/notes/385GY3FiqpYy/blob with 349 bytes took 0ms
11:26:19.745 204 POST /api/login/protected/touch with 0 bytes took 0ms
11:26:19.747 204 PUT /api/notes/385GY3FiqpYy/data with 0 bytes took 2ms
11:26:19.750 200 GET /api/notes/385GY3FiqpYy/blob with 351 bytes took 0ms
11:26:20.747 204 POST /api/login/protected/touch with 0 bytes took 0ms
11:26:20.748 204 PUT /api/notes/385GY3FiqpYy/data with 0 bytes took 1ms
11:26:22.367 204 POST /api/login/protected/touch with 0 bytes took 0ms
11:26:22.369 204 PUT /api/notes/385GY3FiqpYy/data with 0 bytes took 2ms
11:26:22.372 200 GET /api/notes/385GY3FiqpYy/blob with 352 bytes took 1ms
11:26:23.368 204 POST /api/login/protected/touch with 0 bytes took 0ms
11:26:23.370 204 PUT /api/notes/385GY3FiqpYy/data with 0 bytes took 1ms
11:26:23.372 200 GET /api/notes/385GY3FiqpYy/blob with 361 bytes took 0ms
11:26:24.373 204 POST /api/login/protected/touch with 0 bytes took 0ms
11:26:24.375 204 PUT /api/notes/385GY3FiqpYy/data with 0 bytes took 2ms
11:26:24.378 200 GET /api/notes/385GY3FiqpYy/blob with 360 bytes took 0ms
11:26:25.377 204 POST /api/login/protected/touch with 0 bytes took 0ms
11:26:25.380 204 PUT /api/notes/385GY3FiqpYy/data with 0 bytes took 3ms
11:26:25.382 200 GET /api/notes/385GY3FiqpYy/blob with 363 bytes took 0ms
11:26:26.379 204 POST /api/login/protected/touch with 0 bytes took 0ms
11:26:26.381 204 PUT /api/notes/385GY3FiqpYy/data with 0 bytes took 1ms
11:26:26.384 200 GET /api/notes/385GY3FiqpYy/blob with 367 bytes took 0ms
11:26:27.382 204 POST /api/login/protected/touch with 0 bytes took 0ms
11:26:27.384 204 PUT /api/notes/385GY3FiqpYy/data with 0 bytes took 2ms
11:26:27.386 200 GET /api/notes/385GY3FiqpYy/blob with 373 bytes took 0ms
11:26:28.387 204 POST /api/login/protected/touch with 0 bytes took 0ms
11:26:28.389 204 PUT /api/notes/385GY3FiqpYy/data with 0 bytes took 2ms
11:26:28.391 200 GET /api/notes/385GY3FiqpYy/blob with 369 bytes took 0ms
11:26:29.390 204 POST /api/login/protected/touch with 0 bytes took 1ms
11:26:29.392 204 PUT /api/notes/385GY3FiqpYy/data with 0 bytes took 2ms
11:26:29.395 200 GET /api/notes/385GY3FiqpYy/blob with 370 bytes took 0ms
11:26:30.392 204 POST /api/login/protected/touch with 0 bytes took 0ms
11:26:30.394 204 PUT /api/notes/385GY3FiqpYy/data with 0 bytes took 2ms
11:26:30.396 200 GET /api/notes/385GY3FiqpYy/blob with 370 bytes took 0ms
11:26:31.599 204 POST /api/login/protected/touch with 0 bytes took 1ms
11:26:31.600 204 PUT /api/notes/385GY3FiqpYy/data with 0 bytes took 1ms
11:26:31.603 200 GET /api/notes/385GY3FiqpYy/blob with 371 bytes took 1ms
11:26:32.602 204 POST /api/login/protected/touch with 0 bytes took 0ms
11:26:32.604 204 PUT /api/notes/385GY3FiqpYy/data with 0 bytes took 2ms
11:26:32.606 200 GET /api/notes/385GY3FiqpYy/blob with 374 bytes took 0ms
11:26:33.609 204 POST /api/login/protected/touch with 0 bytes took 0ms
11:26:33.611 204 PUT /api/notes/385GY3FiqpYy/data with 0 bytes took 2ms
11:26:33.615 200 GET /api/notes/385GY3FiqpYy/blob with 380 bytes took 1ms
11:26:34.613 204 POST /api/login/protected/touch with 0 bytes took 0ms
11:26:34.615 204 PUT /api/notes/385GY3FiqpYy/data with 0 bytes took 2ms
11:26:34.618 200 GET /api/notes/385GY3FiqpYy/blob with 376 bytes took 1ms
11:26:35.616 204 POST /api/login/protected/touch with 0 bytes took 1ms
11:26:35.617 204 PUT /api/notes/385GY3FiqpYy/data with 0 bytes took 1ms
11:26:35.619 200 GET /api/notes/385GY3FiqpYy/blob with 379 bytes took 0ms
11:26:39.088 204 POST /api/login/protected/touch with 0 bytes took 0ms
11:26:39.090 204 PUT /api/notes/385GY3FiqpYy/data with 0 bytes took 2ms
11:26:39.092 200 GET /api/notes/385GY3FiqpYy/blob with 377 bytes took 0ms
11:26:40.092 204 POST /api/login/protected/touch with 0 bytes took 0ms
11:26:40.094 204 PUT /api/notes/385GY3FiqpYy/data with 0 bytes took 1ms
11:26:40.097 200 GET /api/notes/385GY3FiqpYy/blob with 380 bytes took 1ms
11:26:41.096 204 POST /api/login/protected/touch with 0 bytes took 0ms
11:26:41.098 204 PUT /api/notes/385GY3FiqpYy/data with 0 bytes took 2ms
11:26:41.100 200 GET /api/notes/385GY3FiqpYy/blob with 382 bytes took 0ms
11:27:47.439 204 POST /api/login/protected/touch with 0 bytes took 0ms
11:27:47.443 204 PUT /api/notes/385GY3FiqpYy/data with 0 bytes took 3ms
11:27:47.448 200 GET /api/notes/385GY3FiqpYy/blob with 539 bytes took 0ms
11:30:26.721 204 POST /api/login/protected/touch with 0 bytes took 0ms
11:30:26.724 204 PUT /api/notes/385GY3FiqpYy/data with 0 bytes took 2ms
11:30:26.728 200 GET /api/notes/385GY3FiqpYy/blob with 534 bytes took 1ms
11:30:27.726 204 POST /api/login/protected/touch with 0 bytes took 0ms
11:30:27.728 204 PUT /api/notes/385GY3FiqpYy/data with 0 bytes took 1ms
11:30:27.730 200 GET /api/notes/385GY3FiqpYy/blob with 545 bytes took 0ms
11:30:28.737 204 POST /api/login/protected/touch with 0 bytes took 0ms
11:30:28.740 204 PUT /api/notes/385GY3FiqpYy/data with 0 bytes took 2ms
11:30:28.745 200 GET /api/notes/385GY3FiqpYy/blob with 542 bytes took 1ms
11:30:29.744 204 POST /api/login/protected/touch with 0 bytes took 0ms
11:30:29.747 204 PUT /api/notes/385GY3FiqpYy/data with 0 bytes took 3ms
11:30:29.750 200 GET /api/notes/385GY3FiqpYy/blob with 543 bytes took 0ms
11:30:31.039 204 POST /api/login/protected/touch with 0 bytes took 0ms
11:30:31.043 204 PUT /api/notes/385GY3FiqpYy/data with 0 bytes took 3ms
11:30:31.047 200 GET /api/notes/385GY3FiqpYy/blob with 542 bytes took 1ms
11:30:32.046 204 POST /api/login/protected/touch with 0 bytes took 1ms
11:30:32.284 Slow 204 PUT /api/notes/385GY3FiqpYy/data with 0 bytes took 238ms
11:30:32.286 200 GET /api/notes/385GY3FiqpYy/blob with 546 bytes took 0ms
11:30:33.047 204 POST /api/login/protected/touch with 0 bytes took 0ms
11:30:33.075 Slow 204 PUT /api/notes/385GY3FiqpYy/data with 0 bytes took 28ms
11:30:33.078 200 GET /api/notes/385GY3FiqpYy/blob with 557 bytes took 0ms
11:30:34.050 204 POST /api/login/protected/touch with 0 bytes took 1ms
11:30:34.052 204 PUT /api/notes/385GY3FiqpYy/data with 0 bytes took 2ms
11:30:34.054 200 GET /api/notes/385GY3FiqpYy/blob with 556 bytes took 0ms
11:30:35.052 204 POST /api/login/protected/touch with 0 bytes took 1ms
11:30:35.054 204 PUT /api/notes/385GY3FiqpYy/data with 0 bytes took 2ms
11:30:35.056 200 GET /api/notes/385GY3FiqpYy/blob with 558 bytes took 0ms
11:30:36.053 204 POST /api/login/protected/touch with 0 bytes took 0ms
11:30:36.055 204 PUT /api/notes/385GY3FiqpYy/data with 0 bytes took 2ms
11:30:36.057 200 GET /api/notes/385GY3FiqpYy/blob with 560 bytes took 0ms
11:30:37.056 204 POST /api/login/protected/touch with 0 bytes took 0ms
11:30:37.059 204 PUT /api/notes/385GY3FiqpYy/data with 0 bytes took 3ms
11:30:37.062 200 GET /api/notes/385GY3FiqpYy/blob with 559 bytes took 0ms
11:30:38.060 204 POST /api/login/protected/touch with 0 bytes took 1ms
11:30:38.061 204 PUT /api/notes/385GY3FiqpYy/data with 0 bytes took 1ms
11:30:38.063 200 GET /api/notes/385GY3FiqpYy/blob with 564 bytes took 0ms
11:30:39.065 204 POST /api/login/protected/touch with 0 bytes took 0ms
11:30:39.067 204 PUT /api/notes/385GY3FiqpYy/data with 0 bytes took 2ms
11:30:39.069 200 GET /api/notes/385GY3FiqpYy/blob with 569 bytes took 0ms
11:30:40.283 204 POST /api/login/protected/touch with 0 bytes took 0ms
11:30:40.285 204 PUT /api/notes/385GY3FiqpYy/data with 0 bytes took 2ms
11:30:40.287 200 GET /api/notes/385GY3FiqpYy/blob with 726 bytes took 0ms
11:30:41.285 204 POST /api/login/protected/touch with 0 bytes took 0ms
11:30:41.287 204 PUT /api/notes/385GY3FiqpYy/data with 0 bytes took 1ms
11:30:41.290 200 GET /api/notes/385GY3FiqpYy/blob with 755 bytes took 1ms
11:30:42.289 204 POST /api/login/protected/touch with 0 bytes took 1ms
11:30:42.291 204 PUT /api/notes/385GY3FiqpYy/data with 0 bytes took 2ms
11:30:42.293 200 GET /api/notes/385GY3FiqpYy/blob with 582 bytes took 1ms
11:30:43.295 204 POST /api/login/protected/touch with 0 bytes took 0ms
11:30:43.297 204 PUT /api/notes/385GY3FiqpYy/data with 0 bytes took 2ms
11:30:43.299 200 GET /api/notes/385GY3FiqpYy/blob with 285 bytes took 0ms
11:30:44.297 204 POST /api/login/protected/touch with 0 bytes took 0ms
11:30:44.299 204 PUT /api/notes/385GY3FiqpYy/data with 0 bytes took 2ms
11:30:44.301 200 GET /api/notes/385GY3FiqpYy/blob with 583 bytes took 0ms
11:30:45.301 204 POST /api/login/protected/touch with 0 bytes took 0ms
11:30:45.303 204 PUT /api/notes/385GY3FiqpYy/data with 0 bytes took 1ms
11:30:45.305 200 GET /api/notes/385GY3FiqpYy/blob with 577 bytes took 0ms
11:30:46.308 204 POST /api/login/protected/touch with 0 bytes took 0ms
11:30:46.310 204 PUT /api/notes/385GY3FiqpYy/data with 0 bytes took 2ms
11:30:46.314 200 GET /api/notes/385GY3FiqpYy/blob with 569 bytes took 0ms
11:30:47.314 204 POST /api/login/protected/touch with 0 bytes took 0ms
11:30:47.316 204 PUT /api/notes/385GY3FiqpYy/data with 0 bytes took 2ms
11:30:47.318 200 GET /api/notes/385GY3FiqpYy/blob with 579 bytes took 0ms
11:30:48.319 204 POST /api/login/protected/touch with 0 bytes took 0ms
11:30:48.320 204 PUT /api/notes/385GY3FiqpYy/data with 0 bytes took 1ms
11:30:49.323 204 POST /api/login/protected/touch with 0 bytes took 0ms
11:30:49.325 204 PUT /api/notes/385GY3FiqpYy/data with 0 bytes took 1ms
11:30:49.327 200 GET /api/notes/385GY3FiqpYy/blob with 574 bytes took 0ms
11:30:50.328 204 POST /api/login/protected/touch with 0 bytes took 0ms
11:30:50.330 204 PUT /api/notes/385GY3FiqpYy/data with 0 bytes took 2ms
11:30:50.332 200 GET /api/notes/385GY3FiqpYy/blob with 580 bytes took 0ms
11:30:51.333 204 POST /api/login/protected/touch with 0 bytes took 0ms
11:30:51.335 204 PUT /api/notes/385GY3FiqpYy/data with 0 bytes took 2ms
11:30:51.337 200 GET /api/notes/385GY3FiqpYy/blob with 574 bytes took 0ms
11:30:52.335 204 POST /api/login/protected/touch with 0 bytes took 0ms
11:30:52.337 204 PUT /api/notes/385GY3FiqpYy/data with 0 bytes took 2ms
11:30:52.339 200 GET /api/notes/385GY3FiqpYy/blob with 576 bytes took 0ms
11:30:53.342 204 POST /api/login/protected/touch with 0 bytes took 0ms
11:30:53.347 204 PUT /api/notes/385GY3FiqpYy/data with 0 bytes took 5ms
11:30:53.350 200 GET /api/notes/385GY3FiqpYy/blob with 580 bytes took 0ms
11:31:10.384 204 POST /api/login/protected/touch with 0 bytes took 0ms
11:31:10.386 204 PUT /api/notes/385GY3FiqpYy/data with 0 bytes took 2ms
11:31:10.390 200 GET /api/notes/385GY3FiqpYy/blob with 576 bytes took 0ms
11:31:11.386 204 POST /api/login/protected/touch with 0 bytes took 0ms
11:31:11.388 204 PUT /api/notes/385GY3FiqpYy/data with 0 bytes took 2ms
11:31:11.390 200 GET /api/notes/385GY3FiqpYy/blob with 577 bytes took 1ms
11:31:12.390 204 POST /api/login/protected/touch with 0 bytes took 0ms
11:31:12.392 204 PUT /api/notes/385GY3FiqpYy/data with 0 bytes took 1ms
11:31:12.394 200 GET /api/notes/385GY3FiqpYy/blob with 580 bytes took 0ms
11:31:19.321 204 POST /api/login/protected/touch with 0 bytes took 0ms
11:31:19.323 204 PUT /api/notes/385GY3FiqpYy/data with 0 bytes took 2ms
11:31:19.327 200 GET /api/notes/385GY3FiqpYy/blob with 576 bytes took 0ms
11:31:20.323 204 POST /api/login/protected/touch with 0 bytes took 0ms
11:31:20.325 204 PUT /api/notes/385GY3FiqpYy/data with 0 bytes took 2ms
11:31:20.327 200 GET /api/notes/385GY3FiqpYy/blob with 581 bytes took 1ms
11:31:21.326 204 POST /api/login/protected/touch with 0 bytes took 0ms
11:31:21.328 204 PUT /api/notes/385GY3FiqpYy/data with 0 bytes took 2ms
11:31:21.330 200 GET /api/notes/385GY3FiqpYy/blob with 585 bytes took 0ms
11:31:22.327 204 POST /api/login/protected/touch with 0 bytes took 0ms
11:31:22.329 204 PUT /api/notes/385GY3FiqpYy/data with 0 bytes took 1ms
11:31:22.332 200 GET /api/notes/385GY3FiqpYy/blob with 591 bytes took 1ms
11:31:25.274 204 POST /api/login/protected/touch with 0 bytes took 0ms
11:31:25.277 204 PUT /api/notes/385GY3FiqpYy/data with 0 bytes took 3ms
11:31:25.282 200 GET /api/notes/385GY3FiqpYy/blob with 587 bytes took 1ms
11:31:26.280 204 POST /api/login/protected/touch with 0 bytes took 0ms
11:31:26.284 204 PUT /api/notes/385GY3FiqpYy/data with 0 bytes took 3ms
11:31:26.286 200 GET /api/notes/385GY3FiqpYy/blob with 590 bytes took 0ms
11:31:27.838 204 POST /api/login/protected/touch with 0 bytes took 0ms
11:31:27.841 204 PUT /api/notes/385GY3FiqpYy/data with 0 bytes took 3ms
11:31:27.844 200 GET /api/notes/385GY3FiqpYy/blob with 591 bytes took 1ms
11:41:29.102 204 PUT /api/branches/root_wOO3qu9gBVT6/expanded/0 with 0 bytes took 0ms
11:41:52.025 Expiring protected session
11:41:52.026 Sending message to all clients: {"type":"reload-frontend","reason":"leaving protected session"}
11:41:52.028 JS Info: Frontend app reload: received request from backend to reload frontend
11:41:52.070 Generated CSRF token TwdTf76o-XiuT5R0jhAD5aHO_fjcxhQwtFKQ with secret undefined
11:41:52.325 200 GET /api/options with 6798 bytes took 0ms
11:41:52.326 200 GET /api/tree with 14984 bytes took 0ms
11:41:52.328 200 GET /api/keyboard-actions with 14263 bytes took 1ms
11:41:52.329 200 GET /api/script/widgets with 2687 bytes took 0ms
11:41:52.332 200 POST /api/tree/load with 6039 bytes took 1ms
11:41:52.360 200 GET /api/keyboard-shortcuts-for-notes with 2 bytes took 0ms
11:41:52.369 200 POST /api/tree/load with 7332 bytes took 1ms
11:41:52.369 200 POST /api/tree/load with 3179 bytes took 0ms
11:41:52.371 200 POST /api/tree/load with 20274 bytes took 0ms
11:41:52.836 200 GET /api/note-map/385GY3FiqpYy/backlink-count with 11 bytes took 0ms
11:41:52.837 200 GET /api/notes/385GY3FiqpYy/blob with 157 bytes took 0ms
11:41:52.858 200 GET /api/note-map/385GY3FiqpYy/backlink-count with 11 bytes took 1ms
11:41:53.473 204 PUT /api/options with 0 bytes took 1ms
11:41:54.368 200 GET /api/script/startup with 2 bytes took 1ms
11:59:51.202 Optimizing database
11:59:51.213 Optimization finished in 11ms.
11:59:51.371 Table counts: notes: 296, revisions: 42, attachments: 19, branches: 310, attributes: 366, etapi_tokens: 0, blobs: 203
11:59:51.381 All consistency checks passed with no errors detected (took 20ms)
12:59:51.384 Table counts: notes: 296, revisions: 42, attachments: 19, branches: 310, attributes: 366, etapi_tokens: 0, blobs: 203
12:59:51.393 All consistency checks passed with no errors detected (took 8ms)
13:59:51.393 Table counts: notes: 296, revisions: 42, attachments: 19, branches: 310, attributes: 366, etapi_tokens: 0, blobs: 203
13:59:51.399 All consistency checks passed with no errors detected (took 7ms)
14:59:51.471 Table counts: notes: 296, revisions: 42, attachments: 19, branches: 310, attributes: 366, etapi_tokens: 0, blobs: 203
14:59:51.488 All consistency checks passed with no errors detected (took 18ms)
15:59:51.485 Table counts: notes: 296, revisions: 42, attachments: 19, branches: 310, attributes: 366, etapi_tokens: 0, blobs: 203
15:59:51.503 All consistency checks passed with no errors detected (took 19ms)
16:59:51.487 Table counts: notes: 296, revisions: 42, attachments: 19, branches: 310, attributes: 366, etapi_tokens: 0, blobs: 203
16:59:51.515 All consistency checks passed with no errors detected (took 28ms)
17:59:51.833 Table counts: notes: 296, revisions: 42, attachments: 19, branches: 310, attributes: 366, etapi_tokens: 0, blobs: 203
17:59:51.871 All consistency checks passed with no errors detected (took 39ms)
18:59:51.855 Table counts: notes: 296, revisions: 42, attachments: 19, branches: 310, attributes: 366, etapi_tokens: 0, blobs: 203
18:59:51.879 All consistency checks passed with no errors detected (took 25ms)
19:59:51.860 Table counts: notes: 296, revisions: 42, attachments: 19, branches: 310, attributes: 366, etapi_tokens: 0, blobs: 203
19:59:51.911 All consistency checks passed with no errors detected (took 52ms)
20:59:51.214 Optimizing database
20:59:51.309 Slow query took 75ms: PRAGMA optimize
20:59:51.309 Optimization finished in 94ms.
20:59:51.868 Table counts: notes: 296, revisions: 42, attachments: 19, branches: 310, attributes: 366, etapi_tokens: 0, blobs: 203
20:59:51.959 All consistency checks passed with no errors detected (took 70ms)
21:59:51.883 Table counts: notes: 296, revisions: 42, attachments: 19, branches: 310, attributes: 366, etapi_tokens: 0, blobs: 203
21:59:51.890 All consistency checks passed with no errors detected (took 7ms)
22:59:51.898 Table counts: notes: 296, revisions: 42, attachments: 19, branches: 310, attributes: 366, etapi_tokens: 0, blobs: 203
22:59:51.902 All consistency checks passed with no errors detected (took 4ms)
23:59:51.899 Table counts: notes: 296, revisions: 42, attachments: 19, branches: 310, attributes: 366, etapi_tokens: 0, blobs: 203
23:59:51.902 All consistency checks passed with no errors detected (took 3ms)
